[09:21:51:369] [INFO] - org.springframework.boot.StartupInfoLogger.logStarting(StartupInfoLogger.java:55) - Starting IexhibitionApplication on DESKTOP-0I31VJ8 with PID 16196 (C:\Users\admin\Desktop\项目\lan-ji-java\target\classes started by admin in C:\Users\admin\Desktop\项目\lan-ji-java)
[09:21:51:382] [INFO] - org.springframework.boot.SpringApplication.logStartupProfileInfo(SpringApplication.java:655) - The following profiles are active: dev
[09:21:54:246] [INFO] - org.springframework.context.support.PostProcessorRegistrationDelegate$BeanPostProcessorChecker.postProcessAfterInitialization(PostProcessorRegistrationDelegate.java:330) - Bean 'org.springframework.transaction.annotation.ProxyTransactionManagementConfiguration' of type [org.springframework.transaction.annotation.ProxyTransactionManagementConfiguration] is not eligible for getting processed by all BeanPostProcessors (for example: not eligible for auto-proxying)
[09:21:54:721] [INFO] - org.springframework.boot.web.embedded.tomcat.TomcatWebServer.initialize(TomcatWebServer.java:92) - Tomcat initialized with port(s): 8888 (http)
[09:21:54:737] [INFO] - org.apache.juli.logging.DirectJDKLog.log(DirectJDKLog.java:173) - Initializing ProtocolHandler ["http-nio-8888"]
[09:21:54:738] [INFO] - org.apache.juli.logging.DirectJDKLog.log(DirectJDKLog.java:173) - Starting service [Tomcat]
[09:21:54:739] [INFO] - org.apache.juli.logging.DirectJDKLog.log(DirectJDKLog.java:173) - Starting Servlet engine: [Apache Tomcat/9.0.29]
[09:21:54:961] [INFO] - org.apache.juli.logging.DirectJDKLog.log(DirectJDKLog.java:173) - Initializing Spring embedded WebApplicationContext
[09:21:54:961] [INFO] - org.springframework.boot.web.servlet.context.ServletWebServerApplicationContext.prepareWebApplicationContext(ServletWebServerApplicationContext.java:284) - Root WebApplicationContext: initialization completed in 3476 ms
[09:21:56:586] [INFO] - springfox.documentation.spring.web.PropertySourcedRequestMappingHandlerMapping.initHandlerMethods(PropertySourcedRequestMappingHandlerMapping.java:69) - Mapped URL path [/v2/api-docs] onto method [springfox.documentation.swagger2.web.Swagger2Controller#getDocumentation(String, HttpServletRequest)]
[09:21:56:753] [INFO] - org.springframework.scheduling.concurrent.ExecutorConfigurationSupport.initialize(ExecutorConfigurationSupport.java:171) - Initializing ExecutorService 'applicationTaskExecutor'
[09:21:57:170] [INFO] - springfox.documentation.spring.web.plugins.DocumentationPluginsBootstrapper.start(DocumentationPluginsBootstrapper.java:160) - Context refreshed
[09:21:57:200] [INFO] - springfox.documentation.spring.web.plugins.DocumentationPluginsBootstrapper.start(DocumentationPluginsBootstrapper.java:163) - Found 1 custom documentation plugin(s)
[09:21:57:267] [INFO] - springfox.documentation.spring.web.scanners.ApiListingReferenceScanner.scan(ApiListingReferenceScanner.java:41) - Scanning for api listing references
[09:21:58:851] [INFO] - org.apache.juli.logging.DirectJDKLog.log(DirectJDKLog.java:173) - Starting ProtocolHandler ["http-nio-8888"]
[09:21:58:869] [INFO] - org.apache.juli.logging.DirectJDKLog.log(DirectJDKLog.java:173) - Pausing ProtocolHandler ["http-nio-8888"]
[09:21:58:870] [INFO] - org.apache.juli.logging.DirectJDKLog.log(DirectJDKLog.java:173) - Stopping service [Tomcat]
[09:21:58:893] [INFO] - org.apache.juli.logging.DirectJDKLog.log(DirectJDKLog.java:173) - Stopping ProtocolHandler ["http-nio-8888"]
[09:21:58:894] [INFO] - org.apache.juli.logging.DirectJDKLog.log(DirectJDKLog.java:173) - Destroying ProtocolHandler ["http-nio-8888"]
[09:21:58:954] [INFO] - org.springframework.scheduling.concurrent.ExecutorConfigurationSupport.shutdown(ExecutorConfigurationSupport.java:208) - Shutting down ExecutorService 'applicationTaskExecutor'
[09:21:58:962] [INFO] - com.alibaba.druid.pool.DruidDataSource.close(DruidDataSource.java:1965) - {dataSource-0} closing ...
[09:22:50:387] [INFO] - org.springframework.boot.StartupInfoLogger.logStarting(StartupInfoLogger.java:55) - Starting IexhibitionApplication on DESKTOP-0I31VJ8 with PID 4848 (C:\Users\admin\Desktop\项目\lan-ji-java\target\classes started by admin in C:\Users\admin\Desktop\项目\lan-ji-java)
[09:22:50:392] [INFO] - org.springframework.boot.SpringApplication.logStartupProfileInfo(SpringApplication.java:655) - The following profiles are active: dev
[09:22:53:064] [INFO] - org.springframework.context.support.PostProcessorRegistrationDelegate$BeanPostProcessorChecker.postProcessAfterInitialization(PostProcessorRegistrationDelegate.java:330) - Bean 'org.springframework.transaction.annotation.ProxyTransactionManagementConfiguration' of type [org.springframework.transaction.annotation.ProxyTransactionManagementConfiguration] is not eligible for getting processed by all BeanPostProcessors (for example: not eligible for auto-proxying)
[09:22:53:475] [INFO] - org.springframework.boot.web.embedded.tomcat.TomcatWebServer.initialize(TomcatWebServer.java:92) - Tomcat initialized with port(s): 8888 (http)
[09:22:53:481] [INFO] - org.apache.juli.logging.DirectJDKLog.log(DirectJDKLog.java:173) - Initializing ProtocolHandler ["http-nio-8888"]
[09:22:53:481] [INFO] - org.apache.juli.logging.DirectJDKLog.log(DirectJDKLog.java:173) - Starting service [Tomcat]
[09:22:53:481] [INFO] - org.apache.juli.logging.DirectJDKLog.log(DirectJDKLog.java:173) - Starting Servlet engine: [Apache Tomcat/9.0.29]
[09:22:53:706] [INFO] - org.apache.juli.logging.DirectJDKLog.log(DirectJDKLog.java:173) - Initializing Spring embedded WebApplicationContext
[09:22:53:706] [INFO] - org.springframework.boot.web.servlet.context.ServletWebServerApplicationContext.prepareWebApplicationContext(ServletWebServerApplicationContext.java:284) - Root WebApplicationContext: initialization completed in 3221 ms
[09:22:55:496] [INFO] - springfox.documentation.spring.web.PropertySourcedRequestMappingHandlerMapping.initHandlerMethods(PropertySourcedRequestMappingHandlerMapping.java:69) - Mapped URL path [/v2/api-docs] onto method [springfox.documentation.swagger2.web.Swagger2Controller#getDocumentation(String, HttpServletRequest)]
[09:22:55:681] [INFO] - org.springframework.scheduling.concurrent.ExecutorConfigurationSupport.initialize(ExecutorConfigurationSupport.java:171) - Initializing ExecutorService 'applicationTaskExecutor'
[09:22:56:013] [INFO] - springfox.documentation.spring.web.plugins.DocumentationPluginsBootstrapper.start(DocumentationPluginsBootstrapper.java:160) - Context refreshed
[09:22:56:053] [INFO] - springfox.documentation.spring.web.plugins.DocumentationPluginsBootstrapper.start(DocumentationPluginsBootstrapper.java:163) - Found 1 custom documentation plugin(s)
[09:22:56:114] [INFO] - springfox.documentation.spring.web.scanners.ApiListingReferenceScanner.scan(ApiListingReferenceScanner.java:41) - Scanning for api listing references
[09:22:56:962] [INFO] - springfox.documentation.spring.web.readers.operation.CachingOperationNameGenerator.startingWith(CachingOperationNameGenerator.java:40) - Generating unique operation named: findExhibitionByIdUsingGET_1
[09:22:57:100] [INFO] - org.apache.juli.logging.DirectJDKLog.log(DirectJDKLog.java:173) - Starting ProtocolHandler ["http-nio-8888"]
[09:22:57:131] [INFO] - org.springframework.boot.web.embedded.tomcat.TomcatWebServer.start(TomcatWebServer.java:204) - Tomcat started on port(s): 8888 (http) with context path ''
[09:22:57:147] [INFO] - org.springframework.boot.StartupInfoLogger.logStarted(StartupInfoLogger.java:61) - Started IexhibitionApplication in 7.426 seconds (JVM running for 11.153)
[09:23:28:205] [INFO] - org.apache.juli.logging.DirectJDKLog.log(DirectJDKLog.java:173) - Initializing Spring DispatcherServlet 'dispatcherServlet'
[09:23:28:206] [INFO] - org.springframework.web.servlet.FrameworkServlet.initServletBean(FrameworkServlet.java:525) - Initializing Servlet 'dispatcherServlet'
[09:23:28:229] [INFO] - org.springframework.web.servlet.FrameworkServlet.initServletBean(FrameworkServlet.java:547) - Completed initialization in 23 ms
[09:24:43:242] [INFO] - com.alibaba.druid.pool.DruidDataSource.init(DruidDataSource.java:1003) - {dataSource-1} inited
